CRITICAL - 2022-10-01 06:14:41 --> Undefined variable $uri
in APPPATH\Views\frontend\v_home_fe.php on line 132.
 1 APPPATH\Views\frontend\v_home_fe.php(132): CodeIgniter\Debug\Exceptions->errorHandler(2, 'Undefined variable $uri', 'APPPATH\\Views\\frontend\\v_home_fe.php', 132)
 2 SYSTEMPATH\View\View.php(213): include('APPPATH\\Views\\frontend\\v_home_fe.php')
 3 SYSTEMPATH\View\View.php(216): CodeIgniter\View\View->CodeIgniter\View\{closure}()
 4 SYSTEMPATH\Common.php(1137): CodeIgniter\View\View->render('frontend/v_home_fe', [], true)
 5 APPPATH\Views\layout\v_fe_content.php(3): view('frontend/v_home_fe')
 6 SYSTEMPATH\View\View.php(213): include('APPPATH\\Views\\layout\\v_fe_content.php')
 7 SYSTEMPATH\View\View.php(216): CodeIgniter\View\View->CodeIgniter\View\{closure}()
 8 SYSTEMPATH\Common.php(1137): CodeIgniter\View\View->render('layout/v_fe_content.php', [], true)
 9 APPPATH\Views\layout\v_fe_wrapper.php(3): view('layout/v_fe_content.php')
10 SYSTEMPATH\View\View.php(213): include('APPPATH\\Views\\layout\\v_fe_wrapper.php')
11 SYSTEMPATH\View\View.php(216): CodeIgniter\View\View->CodeIgniter\View\{closure}()
12 SYSTEMPATH\Common.php(1137): CodeIgniter\View\View->render('layout/v_fe_wrapper', [], true)
13 APPPATH\Controllers\Frontend\Fblog.php(23): view('layout/v_fe_wrapper', [...])
14 SYSTEMPATH\CodeIgniter.php(904): App\Controllers\Frontend\Fblog->index()
15 SYSTEMPATH\CodeIgniter.php(457): CodeIgniter\CodeIgniter->runController(Object(App\Controllers\Frontend\Fblog))
16 SYSTEMPATH\CodeIgniter.php(340): CodeIgniter\CodeIgniter->handleRequest(null, Object(Config\Cache), false)
17 FCPATH\index.php(67): CodeIgniter\CodeIgniter->run()
18 SYSTEMPATH\Commands\Server\rewrite.php(43): require_once('FCPATH\\index.php')
CRITICAL - 2022-10-01 06:24:10 --> Undefined variable $uri
in APPPATH\Views\frontend\v_home_fe.php on line 132.
 1 APPPATH\Views\frontend\v_home_fe.php(132): CodeIgniter\Debug\Exceptions->errorHandler(2, 'Undefined variable $uri', 'APPPATH\\Views\\frontend\\v_home_fe.php', 132)
 2 SYSTEMPATH\View\View.php(213): include('APPPATH\\Views\\frontend\\v_home_fe.php')
 3 SYSTEMPATH\View\View.php(216): CodeIgniter\View\View->CodeIgniter\View\{closure}()
 4 SYSTEMPATH\Common.php(1137): CodeIgniter\View\View->render('frontend/v_home_fe', [], true)
 5 APPPATH\Views\layout\v_fe_content.php(3): view('frontend/v_home_fe')
 6 SYSTEMPATH\View\View.php(213): include('APPPATH\\Views\\layout\\v_fe_content.php')
 7 SYSTEMPATH\View\View.php(216): CodeIgniter\View\View->CodeIgniter\View\{closure}()
 8 SYSTEMPATH\Common.php(1137): CodeIgniter\View\View->render('layout/v_fe_content.php', [], true)
 9 APPPATH\Views\layout\v_fe_wrapper.php(3): view('layout/v_fe_content.php')
10 SYSTEMPATH\View\View.php(213): include('APPPATH\\Views\\layout\\v_fe_wrapper.php')
11 SYSTEMPATH\View\View.php(216): CodeIgniter\View\View->CodeIgniter\View\{closure}()
12 SYSTEMPATH\Common.php(1137): CodeIgniter\View\View->render('layout/v_fe_wrapper', [], true)
13 APPPATH\Controllers\Frontend\Fblog.php(24): view('layout/v_fe_wrapper', [...])
14 SYSTEMPATH\CodeIgniter.php(904): App\Controllers\Frontend\Fblog->index()
15 SYSTEMPATH\CodeIgniter.php(457): CodeIgniter\CodeIgniter->runController(Object(App\Controllers\Frontend\Fblog))
16 SYSTEMPATH\CodeIgniter.php(340): CodeIgniter\CodeIgniter->handleRequest(null, Object(Config\Cache), false)
17 FCPATH\index.php(67): CodeIgniter\CodeIgniter->run()
18 SYSTEMPATH\Commands\Server\rewrite.php(43): require_once('FCPATH\\index.php')
CRITICAL - 2022-10-01 06:48:48 --> Undefined property: CodeIgniter\View\View::$uri
in APPPATH\Views\frontend\v_blog_list_fe.php on line 7.
 1 APPPATH\Views\frontend\v_blog_list_fe.php(7): CodeIgniter\Debug\Exceptions->errorHandler(2, 'Undefined property: CodeIgniter\\View\\View::$uri', 'APPPATH\\Views\\frontend\\v_blog_list_fe.php', 7)
 2 SYSTEMPATH\View\View.php(213): include('APPPATH\\Views\\frontend\\v_blog_list_fe.php')
 3 SYSTEMPATH\View\View.php(216): CodeIgniter\View\View->CodeIgniter\View\{closure}()
 4 SYSTEMPATH\Common.php(1137): CodeIgniter\View\View->render('frontend/v_blog_list_fe', [], true)
 5 APPPATH\Views\layout\v_fe_content.php(3): view('frontend/v_blog_list_fe')
 6 SYSTEMPATH\View\View.php(213): include('APPPATH\\Views\\layout\\v_fe_content.php')
 7 SYSTEMPATH\View\View.php(216): CodeIgniter\View\View->CodeIgniter\View\{closure}()
 8 SYSTEMPATH\Common.php(1137): CodeIgniter\View\View->render('layout/v_fe_content.php', [], true)
 9 APPPATH\Views\layout\v_fe_wrapper.php(3): view('layout/v_fe_content.php')
10 SYSTEMPATH\View\View.php(213): include('APPPATH\\Views\\layout\\v_fe_wrapper.php')
11 SYSTEMPATH\View\View.php(216): CodeIgniter\View\View->CodeIgniter\View\{closure}()
12 SYSTEMPATH\Common.php(1137): CodeIgniter\View\View->render('layout/v_fe_wrapper', [], true)
13 APPPATH\Controllers\Frontend\Fblog.php(36): view('layout/v_fe_wrapper', [...])
14 SYSTEMPATH\CodeIgniter.php(904): App\Controllers\Frontend\Fblog->blog_list()
15 SYSTEMPATH\CodeIgniter.php(457): CodeIgniter\CodeIgniter->runController(Object(App\Controllers\Frontend\Fblog))
16 SYSTEMPATH\CodeIgniter.php(340): CodeIgniter\CodeIgniter->handleRequest(null, Object(Config\Cache), false)
17 FCPATH\index.php(67): CodeIgniter\CodeIgniter->run()
18 SYSTEMPATH\Commands\Server\rewrite.php(43): require_once('FCPATH\\index.php')
CRITICAL - 2022-10-01 06:49:35 --> Undefined property: CodeIgniter\View\View::$uri
in APPPATH\Views\frontend\v_blog_list_fe.php on line 7.
 1 APPPATH\Views\frontend\v_blog_list_fe.php(7): CodeIgniter\Debug\Exceptions->errorHandler(2, 'Undefined property: CodeIgniter\\View\\View::$uri', 'APPPATH\\Views\\frontend\\v_blog_list_fe.php', 7)
 2 SYSTEMPATH\View\View.php(213): include('APPPATH\\Views\\frontend\\v_blog_list_fe.php')
 3 SYSTEMPATH\View\View.php(216): CodeIgniter\View\View->CodeIgniter\View\{closure}()
 4 SYSTEMPATH\Common.php(1137): CodeIgniter\View\View->render('frontend/v_blog_list_fe', [], true)
 5 APPPATH\Views\layout\v_fe_content.php(3): view('frontend/v_blog_list_fe')
 6 SYSTEMPATH\View\View.php(213): include('APPPATH\\Views\\layout\\v_fe_content.php')
 7 SYSTEMPATH\View\View.php(216): CodeIgniter\View\View->CodeIgniter\View\{closure}()
 8 SYSTEMPATH\Common.php(1137): CodeIgniter\View\View->render('layout/v_fe_content.php', [], true)
 9 APPPATH\Views\layout\v_fe_wrapper.php(3): view('layout/v_fe_content.php')
10 SYSTEMPATH\View\View.php(213): include('APPPATH\\Views\\layout\\v_fe_wrapper.php')
11 SYSTEMPATH\View\View.php(216): CodeIgniter\View\View->CodeIgniter\View\{closure}()
12 SYSTEMPATH\Common.php(1137): CodeIgniter\View\View->render('layout/v_fe_wrapper', [], true)
13 APPPATH\Controllers\Frontend\Fblog.php(37): view('layout/v_fe_wrapper', [...])
14 SYSTEMPATH\CodeIgniter.php(904): App\Controllers\Frontend\Fblog->blog_list()
15 SYSTEMPATH\CodeIgniter.php(457): CodeIgniter\CodeIgniter->runController(Object(App\Controllers\Frontend\Fblog))
16 SYSTEMPATH\CodeIgniter.php(340): CodeIgniter\CodeIgniter->handleRequest(null, Object(Config\Cache), false)
17 FCPATH\index.php(67): CodeIgniter\CodeIgniter->run()
18 SYSTEMPATH\Commands\Server\rewrite.php(43): require_once('FCPATH\\index.php')
CRITICAL - 2022-10-01 06:51:12 --> Undefined property: CodeIgniter\View\View::$uri
in APPPATH\Views\frontend\v_blog_list_fe.php on line 7.
 1 APPPATH\Views\frontend\v_blog_list_fe.php(7): CodeIgniter\Debug\Exceptions->errorHandler(2, 'Undefined property: CodeIgniter\\View\\View::$uri', 'APPPATH\\Views\\frontend\\v_blog_list_fe.php', 7)
 2 SYSTEMPATH\View\View.php(213): include('APPPATH\\Views\\frontend\\v_blog_list_fe.php')
 3 SYSTEMPATH\View\View.php(216): CodeIgniter\View\View->CodeIgniter\View\{closure}()
 4 SYSTEMPATH\Common.php(1137): CodeIgniter\View\View->render('frontend/v_blog_list_fe', [], true)
 5 APPPATH\Views\layout\v_fe_content.php(3): view('frontend/v_blog_list_fe')
 6 SYSTEMPATH\View\View.php(213): include('APPPATH\\Views\\layout\\v_fe_content.php')
 7 SYSTEMPATH\View\View.php(216): CodeIgniter\View\View->CodeIgniter\View\{closure}()
 8 SYSTEMPATH\Common.php(1137): CodeIgniter\View\View->render('layout/v_fe_content.php', [], true)
 9 APPPATH\Views\layout\v_fe_wrapper.php(3): view('layout/v_fe_content.php')
10 SYSTEMPATH\View\View.php(213): include('APPPATH\\Views\\layout\\v_fe_wrapper.php')
11 SYSTEMPATH\View\View.php(216): CodeIgniter\View\View->CodeIgniter\View\{closure}()
12 SYSTEMPATH\Common.php(1137): CodeIgniter\View\View->render('layout/v_fe_wrapper', [], true)
13 APPPATH\Controllers\Frontend\Fblog.php(37): view('layout/v_fe_wrapper', [...])
14 SYSTEMPATH\CodeIgniter.php(904): App\Controllers\Frontend\Fblog->blog_list()
15 SYSTEMPATH\CodeIgniter.php(457): CodeIgniter\CodeIgniter->runController(Object(App\Controllers\Frontend\Fblog))
16 SYSTEMPATH\CodeIgniter.php(340): CodeIgniter\CodeIgniter->handleRequest(null, Object(Config\Cache), false)
17 FCPATH\index.php(67): CodeIgniter\CodeIgniter->run()
18 SYSTEMPATH\Commands\Server\rewrite.php(43): require_once('FCPATH\\index.php')
