CRITICAL - 2022-09-24 05:51:10 --> Call to undefined method App\Models\BlogModel::getResult
in SYSTEMPATH\Model.php on line 773.
 1 APPPATH\Controllers\Frontend\Home.php(18): CodeIgniter\Model->__call('getResult', [])
 2 SYSTEMPATH\CodeIgniter.php(904): App\Controllers\Frontend\Home->index()
 3 SYSTEMPATH\CodeIgniter.php(457): CodeIgniter\CodeIgniter->runController(Object(App\Controllers\Frontend\Home))
 4 SYSTEMPATH\CodeIgniter.php(340): CodeIgniter\CodeIgniter->handleRequest(null, Object(Config\Cache), false)
 5 FCPATH\index.php(67): CodeIgniter\CodeIgniter->run()
 6 SYSTEMPATH\Commands\Server\rewrite.php(43): require_once('FCPATH\\index.php')
CRITICAL - 2022-09-24 05:51:25 --> Call to undefined method App\Models\BlogModel::getResult
in SYSTEMPATH\Model.php on line 773.
 1 APPPATH\Controllers\Frontend\Home.php(18): CodeIgniter\Model->__call('getResult', [])
 2 SYSTEMPATH\CodeIgniter.php(904): App\Controllers\Frontend\Home->index()
 3 SYSTEMPATH\CodeIgniter.php(457): CodeIgniter\CodeIgniter->runController(Object(App\Controllers\Frontend\Home))
 4 SYSTEMPATH\CodeIgniter.php(340): CodeIgniter\CodeIgniter->handleRequest(null, Object(Config\Cache), false)
 5 FCPATH\index.php(67): CodeIgniter\CodeIgniter->run()
 6 SYSTEMPATH\Commands\Server\rewrite.php(43): require_once('FCPATH\\index.php')
CRITICAL - 2022-09-24 06:02:14 --> Cannot access offset of type string on string
in APPPATH\Views\frontend\v_home_fe.php on line 170.
 1 SYSTEMPATH\View\View.php(213): include()
 2 SYSTEMPATH\View\View.php(216): CodeIgniter\View\View->CodeIgniter\View\{closure}()
 3 SYSTEMPATH\Common.php(1137): CodeIgniter\View\View->render('frontend/v_home_fe', [], true)
 4 APPPATH\Controllers\Frontend\Home.php(20): view('frontend/v_home_fe', [...])
 5 SYSTEMPATH\CodeIgniter.php(904): App\Controllers\Frontend\Home->index()
 6 SYSTEMPATH\CodeIgniter.php(457): CodeIgniter\CodeIgniter->runController(Object(App\Controllers\Frontend\Home))
 7 SYSTEMPATH\CodeIgniter.php(340): CodeIgniter\CodeIgniter->handleRequest(null, Object(Config\Cache), false)
 8 FCPATH\index.php(67): CodeIgniter\CodeIgniter->run()
 9 SYSTEMPATH\Commands\Server\rewrite.php(43): require_once('FCPATH\\index.php')
CRITICAL - 2022-09-24 06:02:24 --> Attempt to read property "judul" on string
in APPPATH\Views\frontend\v_home_fe.php on line 170.
 1 APPPATH\Views\frontend\v_home_fe.php(170): CodeIgniter\Debug\Exceptions->errorHandler(2, 'Attempt to read property "judul" on string', 'APPPATH\\Views\\frontend\\v_home_fe.php', 170)
 2 SYSTEMPATH\View\View.php(213): include('APPPATH\\Views\\frontend\\v_home_fe.php')
 3 SYSTEMPATH\View\View.php(216): CodeIgniter\View\View->CodeIgniter\View\{closure}()
 4 SYSTEMPATH\Common.php(1137): CodeIgniter\View\View->render('frontend/v_home_fe', [], true)
 5 APPPATH\Controllers\Frontend\Home.php(20): view('frontend/v_home_fe', [...])
 6 SYSTEMPATH\CodeIgniter.php(904): App\Controllers\Frontend\Home->index()
 7 SYSTEMPATH\CodeIgniter.php(457): CodeIgniter\CodeIgniter->runController(Object(App\Controllers\Frontend\Home))
 8 SYSTEMPATH\CodeIgniter.php(340): CodeIgniter\CodeIgniter->handleRequest(null, Object(Config\Cache), false)
 9 FCPATH\index.php(67): CodeIgniter\CodeIgniter->run()
10 SYSTEMPATH\Commands\Server\rewrite.php(43): require_once('FCPATH\\index.php')
CRITICAL - 2022-09-24 06:02:43 --> Cannot access offset of type string on string
in APPPATH\Views\frontend\v_home_fe.php on line 170.
 1 SYSTEMPATH\View\View.php(213): include()
 2 SYSTEMPATH\View\View.php(216): CodeIgniter\View\View->CodeIgniter\View\{closure}()
 3 SYSTEMPATH\Common.php(1137): CodeIgniter\View\View->render('frontend/v_home_fe', [], true)
 4 APPPATH\Controllers\Frontend\Home.php(20): view('frontend/v_home_fe', [...])
 5 SYSTEMPATH\CodeIgniter.php(904): App\Controllers\Frontend\Home->index()
 6 SYSTEMPATH\CodeIgniter.php(457): CodeIgniter\CodeIgniter->runController(Object(App\Controllers\Frontend\Home))
 7 SYSTEMPATH\CodeIgniter.php(340): CodeIgniter\CodeIgniter->handleRequest(null, Object(Config\Cache), false)
 8 FCPATH\index.php(67): CodeIgniter\CodeIgniter->run()
 9 SYSTEMPATH\Commands\Server\rewrite.php(43): require_once('FCPATH\\index.php')
CRITICAL - 2022-09-24 06:03:05 --> Undefined variable $blog
in APPPATH\Views\frontend\v_home_fe.php on line 170.
 1 APPPATH\Views\frontend\v_home_fe.php(170): CodeIgniter\Debug\Exceptions->errorHandler(2, 'Undefined variable $blog', 'APPPATH\\Views\\frontend\\v_home_fe.php', 170)
 2 SYSTEMPATH\View\View.php(213): include('APPPATH\\Views\\frontend\\v_home_fe.php')
 3 SYSTEMPATH\View\View.php(216): CodeIgniter\View\View->CodeIgniter\View\{closure}()
 4 SYSTEMPATH\Common.php(1137): CodeIgniter\View\View->render('frontend/v_home_fe', [], true)
 5 APPPATH\Controllers\Frontend\Home.php(20): view('frontend/v_home_fe', [...])
 6 SYSTEMPATH\CodeIgniter.php(904): App\Controllers\Frontend\Home->index()
 7 SYSTEMPATH\CodeIgniter.php(457): CodeIgniter\CodeIgniter->runController(Object(App\Controllers\Frontend\Home))
 8 SYSTEMPATH\CodeIgniter.php(340): CodeIgniter\CodeIgniter->handleRequest(null, Object(Config\Cache), false)
 9 FCPATH\index.php(67): CodeIgniter\CodeIgniter->run()
10 SYSTEMPATH\Commands\Server\rewrite.php(43): require_once('FCPATH\\index.php')
CRITICAL - 2022-09-24 06:03:25 --> Cannot access offset of type string on string
in APPPATH\Views\frontend\v_home_fe.php on line 170.
 1 SYSTEMPATH\View\View.php(213): include()
 2 SYSTEMPATH\View\View.php(216): CodeIgniter\View\View->CodeIgniter\View\{closure}()
 3 SYSTEMPATH\Common.php(1137): CodeIgniter\View\View->render('frontend/v_home_fe', [], true)
 4 APPPATH\Controllers\Frontend\Home.php(20): view('frontend/v_home_fe', [...])
 5 SYSTEMPATH\CodeIgniter.php(904): App\Controllers\Frontend\Home->index()
 6 SYSTEMPATH\CodeIgniter.php(457): CodeIgniter\CodeIgniter->runController(Object(App\Controllers\Frontend\Home))
 7 SYSTEMPATH\CodeIgniter.php(340): CodeIgniter\CodeIgniter->handleRequest(null, Object(Config\Cache), false)
 8 FCPATH\index.php(67): CodeIgniter\CodeIgniter->run()
 9 SYSTEMPATH\Commands\Server\rewrite.php(43): require_once('FCPATH\\index.php')
CRITICAL - 2022-09-24 06:04:11 --> Cannot access offset of type string on string
in APPPATH\Views\frontend\v_home_fe.php on line 170.
 1 SYSTEMPATH\View\View.php(213): include()
 2 SYSTEMPATH\View\View.php(216): CodeIgniter\View\View->CodeIgniter\View\{closure}()
 3 SYSTEMPATH\Common.php(1137): CodeIgniter\View\View->render('frontend/v_home_fe', [], true)
 4 APPPATH\Controllers\Frontend\Home.php(20): view('frontend/v_home_fe', [...])
 5 SYSTEMPATH\CodeIgniter.php(904): App\Controllers\Frontend\Home->index()
 6 SYSTEMPATH\CodeIgniter.php(457): CodeIgniter\CodeIgniter->runController(Object(App\Controllers\Frontend\Home))
 7 SYSTEMPATH\CodeIgniter.php(340): CodeIgniter\CodeIgniter->handleRequest(null, Object(Config\Cache), false)
 8 FCPATH\index.php(67): CodeIgniter\CodeIgniter->run()
 9 SYSTEMPATH\Commands\Server\rewrite.php(43): require_once('FCPATH\\index.php')
CRITICAL - 2022-09-24 06:04:44 --> Attempt to read property "judul" on string
in APPPATH\Views\frontend\v_home_fe.php on line 169.
 1 APPPATH\Views\frontend\v_home_fe.php(169): CodeIgniter\Debug\Exceptions->errorHandler(2, 'Attempt to read property "judul" on string', 'APPPATH\\Views\\frontend\\v_home_fe.php', 169)
 2 SYSTEMPATH\View\View.php(213): include('APPPATH\\Views\\frontend\\v_home_fe.php')
 3 SYSTEMPATH\View\View.php(216): CodeIgniter\View\View->CodeIgniter\View\{closure}()
 4 SYSTEMPATH\Common.php(1137): CodeIgniter\View\View->render('frontend/v_home_fe', [], true)
 5 APPPATH\Controllers\Frontend\Home.php(20): view('frontend/v_home_fe', [...])
 6 SYSTEMPATH\CodeIgniter.php(904): App\Controllers\Frontend\Home->index()
 7 SYSTEMPATH\CodeIgniter.php(457): CodeIgniter\CodeIgniter->runController(Object(App\Controllers\Frontend\Home))
 8 SYSTEMPATH\CodeIgniter.php(340): CodeIgniter\CodeIgniter->handleRequest(null, Object(Config\Cache), false)
 9 FCPATH\index.php(67): CodeIgniter\CodeIgniter->run()
10 SYSTEMPATH\Commands\Server\rewrite.php(43): require_once('FCPATH\\index.php')
CRITICAL - 2022-09-24 06:05:27 --> Attempt to read property "judul" on string
in APPPATH\Views\frontend\v_home_fe.php on line 169.
 1 APPPATH\Views\frontend\v_home_fe.php(169): CodeIgniter\Debug\Exceptions->errorHandler(2, 'Attempt to read property "judul" on string', 'APPPATH\\Views\\frontend\\v_home_fe.php', 169)
 2 SYSTEMPATH\View\View.php(213): include('APPPATH\\Views\\frontend\\v_home_fe.php')
 3 SYSTEMPATH\View\View.php(216): CodeIgniter\View\View->CodeIgniter\View\{closure}()
 4 SYSTEMPATH\Common.php(1137): CodeIgniter\View\View->render('frontend/v_home_fe', [], true)
 5 APPPATH\Controllers\Frontend\Home.php(20): view('frontend/v_home_fe', [...])
 6 SYSTEMPATH\CodeIgniter.php(904): App\Controllers\Frontend\Home->index()
 7 SYSTEMPATH\CodeIgniter.php(457): CodeIgniter\CodeIgniter->runController(Object(App\Controllers\Frontend\Home))
 8 SYSTEMPATH\CodeIgniter.php(340): CodeIgniter\CodeIgniter->handleRequest(null, Object(Config\Cache), false)
 9 FCPATH\index.php(67): CodeIgniter\CodeIgniter->run()
10 SYSTEMPATH\Commands\Server\rewrite.php(43): require_once('FCPATH\\index.php')
CRITICAL - 2022-09-24 06:05:42 --> Cannot access offset of type string on string
in APPPATH\Views\frontend\v_home_fe.php on line 169.
 1 SYSTEMPATH\View\View.php(213): include()
 2 SYSTEMPATH\View\View.php(216): CodeIgniter\View\View->CodeIgniter\View\{closure}()
 3 SYSTEMPATH\Common.php(1137): CodeIgniter\View\View->render('frontend/v_home_fe', [], true)
 4 APPPATH\Controllers\Frontend\Home.php(20): view('frontend/v_home_fe', [...])
 5 SYSTEMPATH\CodeIgniter.php(904): App\Controllers\Frontend\Home->index()
 6 SYSTEMPATH\CodeIgniter.php(457): CodeIgniter\CodeIgniter->runController(Object(App\Controllers\Frontend\Home))
 7 SYSTEMPATH\CodeIgniter.php(340): CodeIgniter\CodeIgniter->handleRequest(null, Object(Config\Cache), false)
 8 FCPATH\index.php(67): CodeIgniter\CodeIgniter->run()
 9 SYSTEMPATH\Commands\Server\rewrite.php(43): require_once('FCPATH\\index.php')
CRITICAL - 2022-09-24 06:06:50 --> Cannot use object of type stdClass as array
in APPPATH\Views\frontend\v_home_fe.php on line 159.
 1 SYSTEMPATH\View\View.php(213): include()
 2 SYSTEMPATH\View\View.php(216): CodeIgniter\View\View->CodeIgniter\View\{closure}()
 3 SYSTEMPATH\Common.php(1137): CodeIgniter\View\View->render('frontend/v_home_fe', [], true)
 4 APPPATH\Controllers\Frontend\Home.php(20): view('frontend/v_home_fe', [...])
 5 SYSTEMPATH\CodeIgniter.php(904): App\Controllers\Frontend\Home->index()
 6 SYSTEMPATH\CodeIgniter.php(457): CodeIgniter\CodeIgniter->runController(Object(App\Controllers\Frontend\Home))
 7 SYSTEMPATH\CodeIgniter.php(340): CodeIgniter\CodeIgniter->handleRequest(null, Object(Config\Cache), false)
 8 FCPATH\index.php(67): CodeIgniter\CodeIgniter->run()
 9 SYSTEMPATH\Commands\Server\rewrite.php(43): require_once('FCPATH\\index.php')
CRITICAL - 2022-09-24 06:07:33 --> Cannot use object of type stdClass as array
in APPPATH\Views\frontend\v_home_fe.php on line 169.
 1 SYSTEMPATH\View\View.php(213): include()
 2 SYSTEMPATH\View\View.php(216): CodeIgniter\View\View->CodeIgniter\View\{closure}()
 3 SYSTEMPATH\Common.php(1137): CodeIgniter\View\View->render('frontend/v_home_fe', [], true)
 4 APPPATH\Controllers\Frontend\Home.php(20): view('frontend/v_home_fe', [...])
 5 SYSTEMPATH\CodeIgniter.php(904): App\Controllers\Frontend\Home->index()
 6 SYSTEMPATH\CodeIgniter.php(457): CodeIgniter\CodeIgniter->runController(Object(App\Controllers\Frontend\Home))
 7 SYSTEMPATH\CodeIgniter.php(340): CodeIgniter\CodeIgniter->handleRequest(null, Object(Config\Cache), false)
 8 FCPATH\index.php(67): CodeIgniter\CodeIgniter->run()
 9 SYSTEMPATH\Commands\Server\rewrite.php(43): require_once('FCPATH\\index.php')
CRITICAL - 2022-09-24 06:33:14 --> unlink(): http does not allow unlinking
in APPPATH\Controllers\Admin\Blog.php on line 171.
 1 [internal function]: CodeIgniter\Debug\Exceptions->errorHandler(2, 'unlink(): http does not allow unlinking', 'APPPATH\\Controllers\\Admin\\Blog.php', 171)
 2 APPPATH\Controllers\Admin\Blog.php(171): unlink('https://www.raywhite.co.id/img/news/article/20200827034754QYFeT.png')
 3 SYSTEMPATH\CodeIgniter.php(904): App\Controllers\Admin\Blog->deleteGambar()
 4 SYSTEMPATH\CodeIgniter.php(457): CodeIgniter\CodeIgniter->runController(Object(App\Controllers\Admin\Blog))
 5 SYSTEMPATH\CodeIgniter.php(340): CodeIgniter\CodeIgniter->handleRequest(null, Object(Config\Cache), false)
 6 FCPATH\index.php(67): CodeIgniter\CodeIgniter->run()
 7 SYSTEMPATH\Commands\Server\rewrite.php(43): require_once('FCPATH\\index.php')
