CRITICAL - 2022-10-02 02:14:55 --> syntax error, unexpected token ";"
in APPPATH\Views\frontend\v_blog_list_fe.php on line 115.
 1 SYSTEMPATH\View\View.php(216): CodeIgniter\View\View->CodeIgniter\View\{closure}()
 2 SYSTEMPATH\Common.php(1137): CodeIgniter\View\View->render('frontend/v_blog_list_fe', [], true)
 3 APPPATH\Views\layout\v_fe_content.php(3): view('frontend/v_blog_list_fe')
 4 SYSTEMPATH\View\View.php(213): include('APPPATH\\Views\\layout\\v_fe_content.php')
 5 SYSTEMPATH\View\View.php(216): CodeIgniter\View\View->CodeIgniter\View\{closure}()
 6 SYSTEMPATH\Common.php(1137): CodeIgniter\View\View->render('layout/v_fe_content.php', [], true)
 7 APPPATH\Views\layout\v_fe_wrapper.php(3): view('layout/v_fe_content.php')
 8 SYSTEMPATH\View\View.php(213): include('APPPATH\\Views\\layout\\v_fe_wrapper.php')
 9 SYSTEMPATH\View\View.php(216): CodeIgniter\View\View->CodeIgniter\View\{closure}()
10 SYSTEMPATH\Common.php(1137): CodeIgniter\View\View->render('layout/v_fe_wrapper', [], true)
11 APPPATH\Controllers\Frontend\Fblog.php(37): view('layout/v_fe_wrapper', [...])
12 SYSTEMPATH\CodeIgniter.php(904): App\Controllers\Frontend\Fblog->blog_list()
13 SYSTEMPATH\CodeIgniter.php(457): CodeIgniter\CodeIgniter->runController(Object(App\Controllers\Frontend\Fblog))
14 SYSTEMPATH\CodeIgniter.php(340): CodeIgniter\CodeIgniter->handleRequest(null, Object(Config\Cache), false)
15 FCPATH\index.php(67): CodeIgniter\CodeIgniter->run()
16 SYSTEMPATH\Commands\Server\rewrite.php(43): require_once('FCPATH\\index.php')
CRITICAL - 2022-10-02 08:25:56 --> Attempt to read property "sampul" on array
in APPPATH\Views\frontend\v_blog_list_fe.php on line 105.
 1 APPPATH\Views\frontend\v_blog_list_fe.php(105): CodeIgniter\Debug\Exceptions->errorHandler(2, 'Attempt to read property "sampul" on array', 'APPPATH\\Views\\frontend\\v_blog_list_fe.php', 105)
 2 SYSTEMPATH\View\View.php(213): include('APPPATH\\Views\\frontend\\v_blog_list_fe.php')
 3 SYSTEMPATH\View\View.php(216): CodeIgniter\View\View->CodeIgniter\View\{closure}()
 4 SYSTEMPATH\Common.php(1137): CodeIgniter\View\View->render('frontend/v_blog_list_fe', [], true)
 5 APPPATH\Views\layout\v_fe_content.php(3): view('frontend/v_blog_list_fe')
 6 SYSTEMPATH\View\View.php(213): include('APPPATH\\Views\\layout\\v_fe_content.php')
 7 SYSTEMPATH\View\View.php(216): CodeIgniter\View\View->CodeIgniter\View\{closure}()
 8 SYSTEMPATH\Common.php(1137): CodeIgniter\View\View->render('layout/v_fe_content.php', [], true)
 9 APPPATH\Views\layout\v_fe_wrapper.php(3): view('layout/v_fe_content.php')
10 SYSTEMPATH\View\View.php(213): include('APPPATH\\Views\\layout\\v_fe_wrapper.php')
11 SYSTEMPATH\View\View.php(216): CodeIgniter\View\View->CodeIgniter\View\{closure}()
12 SYSTEMPATH\Common.php(1137): CodeIgniter\View\View->render('layout/v_fe_wrapper', [], true)
13 APPPATH\Controllers\Frontend\Fblog.php(38): view('layout/v_fe_wrapper', [...])
14 SYSTEMPATH\CodeIgniter.php(904): App\Controllers\Frontend\Fblog->blog_list()
15 SYSTEMPATH\CodeIgniter.php(457): CodeIgniter\CodeIgniter->runController(Object(App\Controllers\Frontend\Fblog))
16 SYSTEMPATH\CodeIgniter.php(340): CodeIgniter\CodeIgniter->handleRequest(null, Object(Config\Cache), false)
17 FCPATH\index.php(67): CodeIgniter\CodeIgniter->run()
18 SYSTEMPATH\Commands\Server\rewrite.php(43): require_once('FCPATH\\index.php')
CRITICAL - 2022-10-02 08:46:00 --> Attempt to read property "nama_user" on array
in APPPATH\Views\frontend\v_blog_list_fe.php on line 112.
 1 APPPATH\Views\frontend\v_blog_list_fe.php(112): CodeIgniter\Debug\Exceptions->errorHandler(2, 'Attempt to read property "nama_user" on array', 'APPPATH\\Views\\frontend\\v_blog_list_fe.php', 112)
 2 SYSTEMPATH\View\View.php(213): include('APPPATH\\Views\\frontend\\v_blog_list_fe.php')
 3 SYSTEMPATH\View\View.php(216): CodeIgniter\View\View->CodeIgniter\View\{closure}()
 4 SYSTEMPATH\Common.php(1137): CodeIgniter\View\View->render('frontend/v_blog_list_fe', [], true)
 5 APPPATH\Views\layout\v_fe_content.php(3): view('frontend/v_blog_list_fe')
 6 SYSTEMPATH\View\View.php(213): include('APPPATH\\Views\\layout\\v_fe_content.php')
 7 SYSTEMPATH\View\View.php(216): CodeIgniter\View\View->CodeIgniter\View\{closure}()
 8 SYSTEMPATH\Common.php(1137): CodeIgniter\View\View->render('layout/v_fe_content.php', [], true)
 9 APPPATH\Views\layout\v_fe_wrapper.php(3): view('layout/v_fe_content.php')
10 SYSTEMPATH\View\View.php(213): include('APPPATH\\Views\\layout\\v_fe_wrapper.php')
11 SYSTEMPATH\View\View.php(216): CodeIgniter\View\View->CodeIgniter\View\{closure}()
12 SYSTEMPATH\Common.php(1137): CodeIgniter\View\View->render('layout/v_fe_wrapper', [], true)
13 APPPATH\Controllers\Frontend\Fblog.php(38): view('layout/v_fe_wrapper', [...])
14 SYSTEMPATH\CodeIgniter.php(904): App\Controllers\Frontend\Fblog->blog_list()
15 SYSTEMPATH\CodeIgniter.php(457): CodeIgniter\CodeIgniter->runController(Object(App\Controllers\Frontend\Fblog))
16 SYSTEMPATH\CodeIgniter.php(340): CodeIgniter\CodeIgniter->handleRequest(null, Object(Config\Cache), false)
17 FCPATH\index.php(67): CodeIgniter\CodeIgniter->run()
18 SYSTEMPATH\Commands\Server\rewrite.php(43): require_once('FCPATH\\index.php')
CRITICAL - 2022-10-02 08:46:15 --> Attempt to read property "nama_user" on array
in APPPATH\Views\frontend\v_blog_list_fe.php on line 112.
 1 APPPATH\Views\frontend\v_blog_list_fe.php(112): CodeIgniter\Debug\Exceptions->errorHandler(2, 'Attempt to read property "nama_user" on array', 'APPPATH\\Views\\frontend\\v_blog_list_fe.php', 112)
 2 SYSTEMPATH\View\View.php(213): include('APPPATH\\Views\\frontend\\v_blog_list_fe.php')
 3 SYSTEMPATH\View\View.php(216): CodeIgniter\View\View->CodeIgniter\View\{closure}()
 4 SYSTEMPATH\Common.php(1137): CodeIgniter\View\View->render('frontend/v_blog_list_fe', [], true)
 5 APPPATH\Views\layout\v_fe_content.php(3): view('frontend/v_blog_list_fe')
 6 SYSTEMPATH\View\View.php(213): include('APPPATH\\Views\\layout\\v_fe_content.php')
 7 SYSTEMPATH\View\View.php(216): CodeIgniter\View\View->CodeIgniter\View\{closure}()
 8 SYSTEMPATH\Common.php(1137): CodeIgniter\View\View->render('layout/v_fe_content.php', [], true)
 9 APPPATH\Views\layout\v_fe_wrapper.php(3): view('layout/v_fe_content.php')
10 SYSTEMPATH\View\View.php(213): include('APPPATH\\Views\\layout\\v_fe_wrapper.php')
11 SYSTEMPATH\View\View.php(216): CodeIgniter\View\View->CodeIgniter\View\{closure}()
12 SYSTEMPATH\Common.php(1137): CodeIgniter\View\View->render('layout/v_fe_wrapper', [], true)
13 APPPATH\Controllers\Frontend\Fblog.php(38): view('layout/v_fe_wrapper', [...])
14 SYSTEMPATH\CodeIgniter.php(904): App\Controllers\Frontend\Fblog->blog_list()
15 SYSTEMPATH\CodeIgniter.php(457): CodeIgniter\CodeIgniter->runController(Object(App\Controllers\Frontend\Fblog))
16 SYSTEMPATH\CodeIgniter.php(340): CodeIgniter\CodeIgniter->handleRequest(null, Object(Config\Cache), false)
17 FCPATH\index.php(67): CodeIgniter\CodeIgniter->run()
18 SYSTEMPATH\Commands\Server\rewrite.php(43): require_once('FCPATH\\index.php')
CRITICAL - 2022-10-02 08:46:24 --> Undefined array key "nama_user"
in APPPATH\Views\frontend\v_blog_list_fe.php on line 112.
 1 APPPATH\Views\frontend\v_blog_list_fe.php(112): CodeIgniter\Debug\Exceptions->errorHandler(2, 'Undefined array key "nama_user"', 'APPPATH\\Views\\frontend\\v_blog_list_fe.php', 112)
 2 SYSTEMPATH\View\View.php(213): include('APPPATH\\Views\\frontend\\v_blog_list_fe.php')
 3 SYSTEMPATH\View\View.php(216): CodeIgniter\View\View->CodeIgniter\View\{closure}()
 4 SYSTEMPATH\Common.php(1137): CodeIgniter\View\View->render('frontend/v_blog_list_fe', [], true)
 5 APPPATH\Views\layout\v_fe_content.php(3): view('frontend/v_blog_list_fe')
 6 SYSTEMPATH\View\View.php(213): include('APPPATH\\Views\\layout\\v_fe_content.php')
 7 SYSTEMPATH\View\View.php(216): CodeIgniter\View\View->CodeIgniter\View\{closure}()
 8 SYSTEMPATH\Common.php(1137): CodeIgniter\View\View->render('layout/v_fe_content.php', [], true)
 9 APPPATH\Views\layout\v_fe_wrapper.php(3): view('layout/v_fe_content.php')
10 SYSTEMPATH\View\View.php(213): include('APPPATH\\Views\\layout\\v_fe_wrapper.php')
11 SYSTEMPATH\View\View.php(216): CodeIgniter\View\View->CodeIgniter\View\{closure}()
12 SYSTEMPATH\Common.php(1137): CodeIgniter\View\View->render('layout/v_fe_wrapper', [], true)
13 APPPATH\Controllers\Frontend\Fblog.php(38): view('layout/v_fe_wrapper', [...])
14 SYSTEMPATH\CodeIgniter.php(904): App\Controllers\Frontend\Fblog->blog_list()
15 SYSTEMPATH\CodeIgniter.php(457): CodeIgniter\CodeIgniter->runController(Object(App\Controllers\Frontend\Fblog))
16 SYSTEMPATH\CodeIgniter.php(340): CodeIgniter\CodeIgniter->handleRequest(null, Object(Config\Cache), false)
17 FCPATH\index.php(67): CodeIgniter\CodeIgniter->run()
18 SYSTEMPATH\Commands\Server\rewrite.php(43): require_once('FCPATH\\index.php')
CRITICAL - 2022-10-02 08:47:01 --> Undefined constant "nama_user"
in APPPATH\Views\frontend\v_blog_list_fe.php on line 112.
 1 SYSTEMPATH\View\View.php(213): include()
 2 SYSTEMPATH\View\View.php(216): CodeIgniter\View\View->CodeIgniter\View\{closure}()
 3 SYSTEMPATH\Common.php(1137): CodeIgniter\View\View->render('frontend/v_blog_list_fe', [], true)
 4 APPPATH\Views\layout\v_fe_content.php(3): view('frontend/v_blog_list_fe')
 5 SYSTEMPATH\View\View.php(213): include('APPPATH\\Views\\layout\\v_fe_content.php')
 6 SYSTEMPATH\View\View.php(216): CodeIgniter\View\View->CodeIgniter\View\{closure}()
 7 SYSTEMPATH\Common.php(1137): CodeIgniter\View\View->render('layout/v_fe_content.php', [], true)
 8 APPPATH\Views\layout\v_fe_wrapper.php(3): view('layout/v_fe_content.php')
 9 SYSTEMPATH\View\View.php(213): include('APPPATH\\Views\\layout\\v_fe_wrapper.php')
10 SYSTEMPATH\View\View.php(216): CodeIgniter\View\View->CodeIgniter\View\{closure}()
11 SYSTEMPATH\Common.php(1137): CodeIgniter\View\View->render('layout/v_fe_wrapper', [], true)
12 APPPATH\Controllers\Frontend\Fblog.php(38): view('layout/v_fe_wrapper', [...])
13 SYSTEMPATH\CodeIgniter.php(904): App\Controllers\Frontend\Fblog->blog_list()
14 SYSTEMPATH\CodeIgniter.php(457): CodeIgniter\CodeIgniter->runController(Object(App\Controllers\Frontend\Fblog))
15 SYSTEMPATH\CodeIgniter.php(340): CodeIgniter\CodeIgniter->handleRequest(null, Object(Config\Cache), false)
16 FCPATH\index.php(67): CodeIgniter\CodeIgniter->run()
17 SYSTEMPATH\Commands\Server\rewrite.php(43): require_once('FCPATH\\index.php')
CRITICAL - 2022-10-02 08:47:09 --> Undefined array key "nama_user"
in APPPATH\Views\frontend\v_blog_list_fe.php on line 112.
 1 APPPATH\Views\frontend\v_blog_list_fe.php(112): CodeIgniter\Debug\Exceptions->errorHandler(2, 'Undefined array key "nama_user"', 'APPPATH\\Views\\frontend\\v_blog_list_fe.php', 112)
 2 SYSTEMPATH\View\View.php(213): include('APPPATH\\Views\\frontend\\v_blog_list_fe.php')
 3 SYSTEMPATH\View\View.php(216): CodeIgniter\View\View->CodeIgniter\View\{closure}()
 4 SYSTEMPATH\Common.php(1137): CodeIgniter\View\View->render('frontend/v_blog_list_fe', [], true)
 5 APPPATH\Views\layout\v_fe_content.php(3): view('frontend/v_blog_list_fe')
 6 SYSTEMPATH\View\View.php(213): include('APPPATH\\Views\\layout\\v_fe_content.php')
 7 SYSTEMPATH\View\View.php(216): CodeIgniter\View\View->CodeIgniter\View\{closure}()
 8 SYSTEMPATH\Common.php(1137): CodeIgniter\View\View->render('layout/v_fe_content.php', [], true)
 9 APPPATH\Views\layout\v_fe_wrapper.php(3): view('layout/v_fe_content.php')
10 SYSTEMPATH\View\View.php(213): include('APPPATH\\Views\\layout\\v_fe_wrapper.php')
11 SYSTEMPATH\View\View.php(216): CodeIgniter\View\View->CodeIgniter\View\{closure}()
12 SYSTEMPATH\Common.php(1137): CodeIgniter\View\View->render('layout/v_fe_wrapper', [], true)
13 APPPATH\Controllers\Frontend\Fblog.php(38): view('layout/v_fe_wrapper', [...])
14 SYSTEMPATH\CodeIgniter.php(904): App\Controllers\Frontend\Fblog->blog_list()
15 SYSTEMPATH\CodeIgniter.php(457): CodeIgniter\CodeIgniter->runController(Object(App\Controllers\Frontend\Fblog))
16 SYSTEMPATH\CodeIgniter.php(340): CodeIgniter\CodeIgniter->handleRequest(null, Object(Config\Cache), false)
17 FCPATH\index.php(67): CodeIgniter\CodeIgniter->run()
18 SYSTEMPATH\Commands\Server\rewrite.php(43): require_once('FCPATH\\index.php')
CRITICAL - 2022-10-02 08:47:40 --> Undefined array key "nama_user"
in APPPATH\Views\frontend\v_blog_list_fe.php on line 112.
 1 APPPATH\Views\frontend\v_blog_list_fe.php(112): CodeIgniter\Debug\Exceptions->errorHandler(2, 'Undefined array key "nama_user"', 'APPPATH\\Views\\frontend\\v_blog_list_fe.php', 112)
 2 SYSTEMPATH\View\View.php(213): include('APPPATH\\Views\\frontend\\v_blog_list_fe.php')
 3 SYSTEMPATH\View\View.php(216): CodeIgniter\View\View->CodeIgniter\View\{closure}()
 4 SYSTEMPATH\Common.php(1137): CodeIgniter\View\View->render('frontend/v_blog_list_fe', [], true)
 5 APPPATH\Views\layout\v_fe_content.php(3): view('frontend/v_blog_list_fe')
 6 SYSTEMPATH\View\View.php(213): include('APPPATH\\Views\\layout\\v_fe_content.php')
 7 SYSTEMPATH\View\View.php(216): CodeIgniter\View\View->CodeIgniter\View\{closure}()
 8 SYSTEMPATH\Common.php(1137): CodeIgniter\View\View->render('layout/v_fe_content.php', [], true)
 9 APPPATH\Views\layout\v_fe_wrapper.php(3): view('layout/v_fe_content.php')
10 SYSTEMPATH\View\View.php(213): include('APPPATH\\Views\\layout\\v_fe_wrapper.php')
11 SYSTEMPATH\View\View.php(216): CodeIgniter\View\View->CodeIgniter\View\{closure}()
12 SYSTEMPATH\Common.php(1137): CodeIgniter\View\View->render('layout/v_fe_wrapper', [], true)
13 APPPATH\Controllers\Frontend\Fblog.php(38): view('layout/v_fe_wrapper', [...])
14 SYSTEMPATH\CodeIgniter.php(904): App\Controllers\Frontend\Fblog->blog_list()
15 SYSTEMPATH\CodeIgniter.php(457): CodeIgniter\CodeIgniter->runController(Object(App\Controllers\Frontend\Fblog))
16 SYSTEMPATH\CodeIgniter.php(340): CodeIgniter\CodeIgniter->handleRequest(null, Object(Config\Cache), false)
17 FCPATH\index.php(67): CodeIgniter\CodeIgniter->run()
18 SYSTEMPATH\Commands\Server\rewrite.php(43): require_once('FCPATH\\index.php')
CRITICAL - 2022-10-02 08:47:46 --> Undefined array key "nama_user"
in APPPATH\Views\frontend\v_blog_list_fe.php on line 112.
 1 APPPATH\Views\frontend\v_blog_list_fe.php(112): CodeIgniter\Debug\Exceptions->errorHandler(2, 'Undefined array key "nama_user"', 'APPPATH\\Views\\frontend\\v_blog_list_fe.php', 112)
 2 SYSTEMPATH\View\View.php(213): include('APPPATH\\Views\\frontend\\v_blog_list_fe.php')
 3 SYSTEMPATH\View\View.php(216): CodeIgniter\View\View->CodeIgniter\View\{closure}()
 4 SYSTEMPATH\Common.php(1137): CodeIgniter\View\View->render('frontend/v_blog_list_fe', [], true)
 5 APPPATH\Views\layout\v_fe_content.php(3): view('frontend/v_blog_list_fe')
 6 SYSTEMPATH\View\View.php(213): include('APPPATH\\Views\\layout\\v_fe_content.php')
 7 SYSTEMPATH\View\View.php(216): CodeIgniter\View\View->CodeIgniter\View\{closure}()
 8 SYSTEMPATH\Common.php(1137): CodeIgniter\View\View->render('layout/v_fe_content.php', [], true)
 9 APPPATH\Views\layout\v_fe_wrapper.php(3): view('layout/v_fe_content.php')
10 SYSTEMPATH\View\View.php(213): include('APPPATH\\Views\\layout\\v_fe_wrapper.php')
11 SYSTEMPATH\View\View.php(216): CodeIgniter\View\View->CodeIgniter\View\{closure}()
12 SYSTEMPATH\Common.php(1137): CodeIgniter\View\View->render('layout/v_fe_wrapper', [], true)
13 APPPATH\Controllers\Frontend\Fblog.php(38): view('layout/v_fe_wrapper', [...])
14 SYSTEMPATH\CodeIgniter.php(904): App\Controllers\Frontend\Fblog->blog_list()
15 SYSTEMPATH\CodeIgniter.php(457): CodeIgniter\CodeIgniter->runController(Object(App\Controllers\Frontend\Fblog))
16 SYSTEMPATH\CodeIgniter.php(340): CodeIgniter\CodeIgniter->handleRequest(null, Object(Config\Cache), false)
17 FCPATH\index.php(67): CodeIgniter\CodeIgniter->run()
18 SYSTEMPATH\Commands\Server\rewrite.php(43): require_once('FCPATH\\index.php')
CRITICAL - 2022-10-02 08:49:04 --> Attempt to read property "judul" on array
in APPPATH\Views\frontend\v_blog_list_fe.php on line 115.
 1 APPPATH\Views\frontend\v_blog_list_fe.php(115): CodeIgniter\Debug\Exceptions->errorHandler(2, 'Attempt to read property "judul" on array', 'APPPATH\\Views\\frontend\\v_blog_list_fe.php', 115)
 2 SYSTEMPATH\View\View.php(213): include('APPPATH\\Views\\frontend\\v_blog_list_fe.php')
 3 SYSTEMPATH\View\View.php(216): CodeIgniter\View\View->CodeIgniter\View\{closure}()
 4 SYSTEMPATH\Common.php(1137): CodeIgniter\View\View->render('frontend/v_blog_list_fe', [], true)
 5 APPPATH\Views\layout\v_fe_content.php(3): view('frontend/v_blog_list_fe')
 6 SYSTEMPATH\View\View.php(213): include('APPPATH\\Views\\layout\\v_fe_content.php')
 7 SYSTEMPATH\View\View.php(216): CodeIgniter\View\View->CodeIgniter\View\{closure}()
 8 SYSTEMPATH\Common.php(1137): CodeIgniter\View\View->render('layout/v_fe_content.php', [], true)
 9 APPPATH\Views\layout\v_fe_wrapper.php(3): view('layout/v_fe_content.php')
10 SYSTEMPATH\View\View.php(213): include('APPPATH\\Views\\layout\\v_fe_wrapper.php')
11 SYSTEMPATH\View\View.php(216): CodeIgniter\View\View->CodeIgniter\View\{closure}()
12 SYSTEMPATH\Common.php(1137): CodeIgniter\View\View->render('layout/v_fe_wrapper', [], true)
13 APPPATH\Controllers\Frontend\Fblog.php(38): view('layout/v_fe_wrapper', [...])
14 SYSTEMPATH\CodeIgniter.php(904): App\Controllers\Frontend\Fblog->blog_list()
15 SYSTEMPATH\CodeIgniter.php(457): CodeIgniter\CodeIgniter->runController(Object(App\Controllers\Frontend\Fblog))
16 SYSTEMPATH\CodeIgniter.php(340): CodeIgniter\CodeIgniter->handleRequest(null, Object(Config\Cache), false)
17 FCPATH\index.php(67): CodeIgniter\CodeIgniter->run()
18 SYSTEMPATH\Commands\Server\rewrite.php(43): require_once('FCPATH\\index.php')
CRITICAL - 2022-10-02 09:06:03 --> Call to undefined method CodeIgniter\Database\MySQLi\Result::paginate()
in APPPATH\Controllers\Frontend\Fblog.php on line 34.
 1 SYSTEMPATH\CodeIgniter.php(904): App\Controllers\Frontend\Fblog->blog_list()
 2 SYSTEMPATH\CodeIgniter.php(457): CodeIgniter\CodeIgniter->runController(Object(App\Controllers\Frontend\Fblog))
 3 SYSTEMPATH\CodeIgniter.php(340): CodeIgniter\CodeIgniter->handleRequest(null, Object(Config\Cache), false)
 4 FCPATH\index.php(67): CodeIgniter\CodeIgniter->run()
 5 SYSTEMPATH\Commands\Server\rewrite.php(43): require_once('FCPATH\\index.php')
CRITICAL - 2022-10-02 09:09:14 --> Call to a member function paginate() on array
in APPPATH\Controllers\Frontend\Fblog.php on line 34.
 1 SYSTEMPATH\CodeIgniter.php(904): App\Controllers\Frontend\Fblog->blog_list()
 2 SYSTEMPATH\CodeIgniter.php(457): CodeIgniter\CodeIgniter->runController(Object(App\Controllers\Frontend\Fblog))
 3 SYSTEMPATH\CodeIgniter.php(340): CodeIgniter\CodeIgniter->handleRequest(null, Object(Config\Cache), false)
 4 FCPATH\index.php(67): CodeIgniter\CodeIgniter->run()
 5 SYSTEMPATH\Commands\Server\rewrite.php(43): require_once('FCPATH\\index.php')
CRITICAL - 2022-10-02 11:29:59 --> Call to a member function getSegment() on null
in APPPATH\Models\BlogModel.php on line 44.
 1 APPPATH\Controllers\Frontend\Fblog.php(38): App\Models\BlogModel->getPagination(2)
 2 SYSTEMPATH\CodeIgniter.php(904): App\Controllers\Frontend\Fblog->blog_list()
 3 SYSTEMPATH\CodeIgniter.php(457): CodeIgniter\CodeIgniter->runController(Object(App\Controllers\Frontend\Fblog))
 4 SYSTEMPATH\CodeIgniter.php(340): CodeIgniter\CodeIgniter->handleRequest(null, Object(Config\Cache), false)
 5 FCPATH\index.php(67): CodeIgniter\CodeIgniter->run()
 6 SYSTEMPATH\Commands\Server\rewrite.php(43): require_once('FCPATH\\index.php')
CRITICAL - 2022-10-02 11:30:39 --> syntax error, unexpected token ","
in APPPATH\Controllers\Frontend\Fblog.php on line 39.
 1 SYSTEMPATH\Autoloader\Autoloader.php(259): CodeIgniter\Autoloader\Autoloader->includeFile('APPPATH\\Controllers\\Frontend\\Fblog.php')
 2 SYSTEMPATH\Autoloader\Autoloader.php(237): CodeIgniter\Autoloader\Autoloader->loadInNamespace('App\\Controllers\\Frontend\\FBlog')
 3 [internal function]: CodeIgniter\Autoloader\Autoloader->loadClass('App\\Controllers\\Frontend\\FBlog')
 4 SYSTEMPATH\CodeIgniter.php(854): class_exists('\\App\\Controllers\\Frontend\\FBlog', true)
 5 SYSTEMPATH\CodeIgniter.php(444): CodeIgniter\CodeIgniter->startController()
 6 SYSTEMPATH\CodeIgniter.php(340): CodeIgniter\CodeIgniter->handleRequest(null, Object(Config\Cache), false)
 7 FCPATH\index.php(67): CodeIgniter\CodeIgniter->run()
 8 SYSTEMPATH\Commands\Server\rewrite.php(43): require_once('FCPATH\\index.php')
CRITICAL - 2022-10-02 11:32:23 --> Request URI segment is out of range: 2
in SYSTEMPATH\HTTP\URI.php on line 529.
 1 SYSTEMPATH\HTTP\URI.php(529): CodeIgniter\HTTP\Exceptions\HTTPException::forURISegmentOutOfRange(2)
 2 APPPATH\Controllers\Frontend\Fblog.php(39): CodeIgniter\HTTP\URI->getSegment(2)
 3 SYSTEMPATH\CodeIgniter.php(904): App\Controllers\Frontend\Fblog->blog_list()
 4 SYSTEMPATH\CodeIgniter.php(457): CodeIgniter\CodeIgniter->runController(Object(App\Controllers\Frontend\Fblog))
 5 SYSTEMPATH\CodeIgniter.php(340): CodeIgniter\CodeIgniter->handleRequest(null, Object(Config\Cache), false)
 6 FCPATH\index.php(67): CodeIgniter\CodeIgniter->run()
 7 SYSTEMPATH\Commands\Server\rewrite.php(43): require_once('FCPATH\\index.php')
